<?xml version="1.0" encoding="UTF-8"?>
<testng-results skipped="0" failed="0" ignored="0" total="1" passed="1">
  <reporter-output>
  </reporter-output>
  <suite name="Default suite" duration-ms="2364" started-at="2022-04-22T04:46:15Z" finished-at="2022-04-22T04:46:17Z">
    <groups>
    </groups>
    <test name="Default test" duration-ms="2364" started-at="2022-04-22T04:46:15Z" finished-at="2022-04-22T04:46:17Z">
      <class name="Authentication.Oauth22">
        <test-method status="PASS" signature="oauth2()[pri:0, instance:Authentication.Oauth22@29774679]" name="oauth2" duration-ms="2348" started-at="2022-04-22T04:46:15Z" finished-at="2022-04-22T04:46:17Z">
          <reporter-output>
          </reporter-output>
        </test-method> <!-- oauth2 -->
      </class> <!-- Authentication.Oauth22 -->
    </test> <!-- Default test -->
  </suite> <!-- Default suite -->
</testng-results>
